{"trial_id": "0", "hyperparameters": {"space": [{"class_name": "Int", "config": {"name": "num_layer", "default": null, "conditions": [], "min_value": 1, "max_value": 10, "step": 1, "sampling": "linear"}}], "values": {"num_layer": 3}}, "metrics": {"metrics": {}}, "score": null, "best_step": 0, "status": "FAILED", "message": "Traceback (most recent call last):\n  File \"C:\\Users\\uday.sharma\\AppData\\Roaming\\Python\\Python311\\site-packages\\keras_tuner\\src\\engine\\base_tuner.py\", line 274, in _try_run_and_update_trial\n    self._run_and_update_trial(trial, *fit_args, **fit_kwargs)\n  File \"C:\\Users\\uday.sharma\\AppData\\Roaming\\Python\\Python311\\site-packages\\keras_tuner\\src\\engine\\base_tuner.py\", line 239, in _run_and_update_trial\n    results = self.run_trial(trial, *fit_args, **fit_kwargs)\n              ^^^^^^^^^^^^^^^^^^^^^^^^^^^^^^^^^^^^^^^^^^^^^^\n  File \"C:\\Users\\uday.sharma\\AppData\\Roaming\\Python\\Python311\\site-packages\\keras_tuner\\src\\engine\\tuner.py\", line 314, in run_trial\n    obj_value = self._build_and_fit_model(trial, *args, **copied_kwargs)\n                ^^^^^^^^^^^^^^^^^^^^^^^^^^^^^^^^^^^^^^^^^^^^^^^^^^^^^^^^\n  File \"C:\\Users\\uday.sharma\\AppData\\Roaming\\Python\\Python311\\site-packages\\keras_tuner\\src\\engine\\tuner.py\", line 233, in _build_and_fit_model\n    results = self.hypermodel.fit(hp, model, *args, **kwargs)\n              ^^^^^^^^^^^^^^^^^^^^^^^^^^^^^^^^^^^^^^^^^^^^^^^\n  File \"C:\\Users\\uday.sharma\\AppData\\Roaming\\Python\\Python311\\site-packages\\keras_tuner\\src\\engine\\hypermodel.py\", line 149, in fit\n    return model.fit(*args, **kwargs)\n           ^^^^^^^^^^^^^^^^^^^^^^^^^^\n  File \"C:\\Users\\uday.sharma\\AppData\\Roaming\\Python\\Python311\\site-packages\\keras\\src\\utils\\traceback_utils.py\", line 70, in error_handler\n    raise e.with_traceback(filtered_tb) from None\n  File \"C:\\Users\\UDAY~1.SHA\\AppData\\Local\\Temp\\__autograph_generated_filed21hrwal.py\", line 18, in tf__train_function\n    raise\nValueError: in user code:\n\n    File \"C:\\Users\\uday.sharma\\AppData\\Roaming\\Python\\Python311\\site-packages\\keras\\src\\engine\\training.py\", line 1401, in train_function  *\n        return step_function(self, iterator)\n    File \"C:\\Users\\uday.sharma\\AppData\\Roaming\\Python\\Python311\\site-packages\\keras\\src\\engine\\training.py\", line 1384, in step_function  **\n        outputs = model.distribute_strategy.run(run_step, args=(data,))\n    File \"C:\\Users\\uday.sharma\\AppData\\Roaming\\Python\\Python311\\site-packages\\keras\\src\\engine\\training.py\", line 1373, in run_step  **\n        outputs = model.train_step(data)\n    File \"C:\\Users\\uday.sharma\\AppData\\Roaming\\Python\\Python311\\site-packages\\keras\\src\\engine\\training.py\", line 1151, in train_step\n        loss = self.compute_loss(x, y, y_pred, sample_weight)\n    File \"C:\\Users\\uday.sharma\\AppData\\Roaming\\Python\\Python311\\site-packages\\keras\\src\\engine\\training.py\", line 1209, in compute_loss\n        return self.compiled_loss(\n    File \"C:\\Users\\uday.sharma\\AppData\\Roaming\\Python\\Python311\\site-packages\\keras\\src\\engine\\compile_utils.py\", line 277, in __call__\n        loss_value = loss_obj(y_t, y_p, sample_weight=sw)\n    File \"C:\\Users\\uday.sharma\\AppData\\Roaming\\Python\\Python311\\site-packages\\keras\\src\\losses.py\", line 143, in __call__\n        losses = call_fn(y_true, y_pred)\n    File \"C:\\Users\\uday.sharma\\AppData\\Roaming\\Python\\Python311\\site-packages\\keras\\src\\losses.py\", line 270, in call  **\n        return ag_fn(y_true, y_pred, **self._fn_kwargs)\n    File \"C:\\Users\\uday.sharma\\AppData\\Roaming\\Python\\Python311\\site-packages\\keras\\src\\losses.py\", line 2532, in binary_crossentropy\n        backend.binary_crossentropy(y_true, y_pred, from_logits=from_logits),\n    File \"C:\\Users\\uday.sharma\\AppData\\Roaming\\Python\\Python311\\site-packages\\keras\\src\\backend.py\", line 5822, in binary_crossentropy\n        return tf.nn.sigmoid_cross_entropy_with_logits(\n\n    ValueError: `logits` and `labels` must have the same shape, received ((None, 72) vs (None, 1)).\n\n"}